#
# A fatal error has been detected by the Java Runtime Environment:
#
#  SIGSEGV (0xb) at pc=0x0000000000000000, pid=50049, tid=50077
#
# JRE version: OpenJDK Runtime Environment (17.0.14+7) (build 17.0.14+7-Ubuntu-124.04)
# Java VM: OpenJDK 64-Bit Server VM (17.0.14+7-Ubuntu-124.04, mixed mode, sharing, tiered, compressed oops, compressed class ptrs, g1 gc, linux-amd64)
# Problematic frame:
# C  [libopenal64.so+0x204d1]  aluMixData+0xd1
#
# Core dump will be written. Default location: Core dumps may be processed with "/usr/share/apport/apport -p%p -s%s -c%c -d%d -P%P -u%u -g%g -- %E" (or dumping to /home/punk/myGIT/GalaxiX/core.50049)
#
# If you would like to submit a bug report, please visit:
#   https://bugs.launchpad.net/ubuntu/+source/openjdk-17
#

---------------  S U M M A R Y ------------

Command Line: -Dfile.encoding=UTF-8 -Duser.country=US -Duser.language=en -Duser.variant com.mygdx.galaxix.lwjgl2.DesktopLauncher

Host: AMD Ryzen 3 5300U with Radeon Graphics, 16 cores, 7G, Ubuntu 24.04.1 LTS
Time: Wed Feb 12 21:11:26 2025 CET elapsed time: 141.247888 seconds (0d 0h 2m 21s)

---------------  T H R E A D  ---------------

Current thread is native thread

Stack: [0x000071697a700000,0x000071697a800000],  sp=0x000071697a7fecd0,  free space=1019k
Native frames: (J=compiled Java code, j=interpreted, Vv=VM code, C=native code)
C  [libopenal64.so+0x204d1]  aluMixData+0xd1


siginfo: si_signo: 11 (SIGSEGV), si_code: 1 (SEGV_MAPERR), si_addr: 0x0000000000000000

Registers:
RAX=0x000071697aa577c0, RBX=0x0000000000000400, RCX=0x000071699c34a820, RDX=0x000071699c363460
RSP=0x000071697a7fecc8, RBP=0x000071699c34e2e0, RSI=0x0000000000000000, RDI=0x000071699c34e2e0
R8 =0x000071699c34a398, R9 =0x000071699c3463a0, R10=0x000071697a7fee10, R11=0x0000000000000206
R12=0x000071699c352470, R13=0x0000000000012000, R14=0x0000000000001000, R15=0x000071697a7fee78
RIP=0x0000000000000000, EFLAGS=0x0000000000010246, CSGSFS=0x002b000000000033, ERR=0x0000000000000014
  TRAPNO=0x000000000000000e


Top of Stack: (sp=0x000071697a7fecc8)
0x000071697a7fecc8:   000071697a8204d1 0000716980bf8348
0x000071697a7fecd8:   00007169a531c5c1 00007169bb800000
0x000071697a7fece8:   0000000000000001 0000716900000000
0x000071697a7fecf8:   0000000000000001 000071697a7fed40
0x000071697a7fed08:   0000716980b9e5c2 0000000000002000
0x000071697a7fed18:   00007168c40018e0 0000000000000000
0x000071697a7fed28:   0000000000000000 000071696c000040
0x000071697a7fed38:   000071699c34a980 000071697a7fed60
0x000071697a7fed48:   000071699becb20f 570000000000b621
0x000071697a7fed58:   fd5e16a221566100 0000000000002000
0x000071697a7fed68:   0000716980ba14a0 0000000000000000
0x000071697a7fed78:   000071699c34a820 000071697a7feda0
0x000071697a7fed88:   0000716980bb4abc 000071699c34a980
0x000071697a7fed98:   0000000000002000 000071697a7fedd0
0x000071697a7feda8:   0000716980bb4d37 000071699c34a980
0x000071697a7fedb8:   000071699c352470 000071699c34a820
0x000071697a7fedc8:   000071697a7fee70 000071697a7fee00
0x000071697a7fedd8:   000071696c000040 000004007a7fee00
0x000071697a7fede8:   000071697a7fee00 0000000000000000
0x000071697a7fedf8:   000071697a7fee78 00001fa00000037f
0x000071697a7fee08:   000071699bed98c8 0000000000000000
0x000071697a7fee18:   0000000000002000 000071699c33a270
0x000071697a7fee28:   0000000000000000 000071699c34e2e0
0x000071697a7fee38:   0000000000000008 000071697a7fee78
0x000071697a7fee48:   000071697a836544 000071697a700000
0x000071697a7fee58:   000071697a7fee70 0000000000002000
0x000071697a7fee68:   0000000000006000 000071696c000040
0x000071697a7fee78:   0000000000002000 35203a6b63617473
0x000071697a7fee88:   000071699c3686f0 000071697a7fef70
0x000071697a7fee98:   000071697a7ff6c0 ffffffffffffff88
0x000071697a7feea8:   0000000000000002 00007169a39fe100
0x000071697a7feeb8:   000071697a82973a 000071697a7ffcdc 

Instructions: (pc=0x000071697a8204d1)
0x000071697a8203d1:   00 00 00 00 75 da 44 89 4c 24 0c b8 02 00 00 00
0x000071697a8203e1:   4c 8d 3d c8 f1 01 00 f3 0f 10 64 24 0c e9 80 fa
0x000071697a8203f1:   ff ff 66 66 66 66 2e 0f 1f 84 00 00 00 00 00 41
0x000071697a820401:   57 41 56 41 55 41 54 55 48 89 fd 53 48 81 ec 48
0x000071697a820411:   01 00 00 48 8d 84 24 30 01 00 00 89 94 24 14 01
0x000071697a820421:   00 00 48 89 b4 24 08 01 00 00 48 89 c7 48 89 84
0x000071697a820431:   24 18 01 00 00 e8 f5 97 00 00 48 8d 95 90 41 00
0x000071697a820441:   00 0f 57 c9 f3 0f 10 15 9f f1 01 00 48 89 94 24
0x000071697a820451:   e8 00 00 00 83 bc 24 14 01 00 00 00 0f 8e 3a 13
0x000071697a820461:   00 00 81 bc 24 14 01 00 00 00 08 00 00 bb 00 08
0x000071697a820471:   00 00 0f 46 9c 24 14 01 00 00 45 31 ed 41 89 de
0x000071697a820481:   49 c1 e6 02 4c 8b a4 24 e8 00 00 00 31 f6 4c 89
0x000071697a820491:   f2 f3 0f 11 4c 24 20 f3 0f 11 54 24 10 4b 8d 7c
0x000071697a8204a1:   25 00 49 81 c5 00 20 00 00 e8 99 7d fe ff 49 81
0x000071697a8204b1:   fd 00 20 01 00 f3 0f 10 4c 24 20 f3 0f 10 54 24
0x000071697a8204c1:   10 75 c1 48 8b 85 f8 61 01 00 48 89 ef ff 50 58
0x000071697a8204d1:   4c 8b b5 f0 61 01 00 f3 0f 10 4c 24 20 f3 0f 10
0x000071697a8204e1:   54 24 10 4d 85 f6 0f 84 8e 12 00 00 f3 0f 11 8c
0x000071697a8204f1:   24 d4 00 00 00 c7 84 24 d8 00 00 00 00 00 00 38
0x000071697a820501:   4c 89 a4 24 f0 00 00 00 45 8b 6e 7c c7 84 24 e0
0x000071697a820511:   00 00 00 00 00 00 00 45 85 ed 0f 84 cc 03 00 00
0x000071697a820521:   49 63 86 88 00 00 00 4d 8b a6 80 00 00 00 4d 8d
0x000071697a820531:   3c c4 4d 39 fc 75 1a eb 5d 49 83 ef 08 41 83 ae
0x000071697a820541:   88 00 00 00 01 49 8b 07 4d 39 e7 49 89 04 24 74
0x000071697a820551:   45 49 8b 3c 24 8b 87 80 00 00 00 3d 12 10 00 00
0x000071697a820561:   75 d7 45 85 ed 0f 84 f8 02 00 00 89 da 48 89 ee
0x000071697a820571:   49 83 c4 08 f3 0f 11 4c 24 20 f3 0f 11 54 24 10
0x000071697a820581:   e8 1a d4 00 00 4d 39 e7 f3 0f 10 54 24 10 f3 0f
0x000071697a820591:   10 4c 24 20 75 bb 49 63 86 98 00 00 00 4d 8b a6
0x000071697a8205a1:   90 00 00 00 4d 8d 3c c4 4d 39 fc 0f 84 ae 00 00
0x000071697a8205b1:   00 66 0f 1f 44 00 00 49 8b 14 24 f3 0f 10 1d 24
0x000071697a8205c1:   f0 01 00 31 c0 f3 0f 10 82 30 21 00 00 0f 2e d8 



---------------  P R O C E S S  ---------------

VM state: at safepoint (shutting down)

VM Mutex/Monitor currently owned by a thread:  ([mutex/lock_event])
[0x000071699c016150] Threads_lock - owner thread: 0x000071699c11ba30
[0x000071699c016900] Heap_lock - owner thread: 0x0000716904000fc0

Heap address: 0x000000008ea00000, size: 1814 MB, Compressed Oops mode: 32-bit

CDS archive(s) mapped at: [0x0000716923000000-0x0000716923bc9000-0x0000716923bc9000), size 12357632, SharedBaseAddress: 0x0000716923000000, ArchiveRelocationMode: 1.
Compressed class space mapped at: 0x0000716924000000-0x0000716964000000, reserved size: 1073741824
Narrow klass base: 0x0000716923000000, Narrow klass shift: 0, Narrow klass range: 0x100000000

GC Precious Log:
<Skipped>

Heap:
 garbage-first heap   total 118784K, used 13232K [0x000000008ea00000, 0x0000000100000000)
  region size 1024K, 13 young (13312K), 0 survivors (0K)
 Metaspace       used 6109K, committed 6272K, reserved 1114112K
  class space    used 462K, committed 576K, reserved 1048576K

Heap Regions: E=young(eden), S=young(survivor), O=old, HS=humongous(starts), HC=humongous(continues), CS=collection set, F=free, OA=open archive, CA=closed archive, TAMS=top-at-mark-start (previous, next)
|   0|0x000000008ea00000, 0x000000008ea00000, 0x000000008eb00000|  0%| F|  |TAMS 0x000000008ea00000, 0x000000008ea00000| Untracked 
|   1|0x000000008eb00000, 0x000000008eb00000, 0x000000008ec00000|  0%| F|  |TAMS 0x000000008eb00000, 0x000000008eb00000| Untracked 
|   2|0x000000008ec00000, 0x000000008ec00000, 0x000000008ed00000|  0%| F|  |TAMS 0x000000008ec00000, 0x000000008ec00000| Untracked 
|   3|0x000000008ed00000, 0x000000008ed00000, 0x000000008ee00000|  0%| F|  |TAMS 0x000000008ed00000, 0x000000008ed00000| Untracked 
|   4|0x000000008ee00000, 0x000000008ee00000, 0x000000008ef00000|  0%| F|  |TAMS 0x000000008ee00000, 0x000000008ee00000| Untracked 
|   5|0x000000008ef00000, 0x000000008ef00000, 0x000000008f000000|  0%| F|  |TAMS 0x000000008ef00000, 0x000000008ef00000| Untracked 
|   6|0x000000008f000000, 0x000000008f000000, 0x000000008f100000|  0%| F|  |TAMS 0x000000008f000000, 0x000000008f000000| Untracked 
|   7|0x000000008f100000, 0x000000008f100000, 0x000000008f200000|  0%| F|  |TAMS 0x000000008f100000, 0x000000008f100000| Untracked 
|   8|0x000000008f200000, 0x000000008f200000, 0x000000008f300000|  0%| F|  |TAMS 0x000000008f200000, 0x000000008f200000| Untracked 
|   9|0x000000008f300000, 0x000000008f300000, 0x000000008f400000|  0%| F|  |TAMS 0x000000008f300000, 0x000000008f300000| Untracked 
|  10|0x000000008f400000, 0x000000008f400000, 0x000000008f500000|  0%| F|  |TAMS 0x000000008f400000, 0x000000008f400000| Untracked 
|  11|0x000000008f500000, 0x000000008f500000, 0x000000008f600000|  0%| F|  |TAMS 0x000000008f500000, 0x000000008f500000| Untracked 
|  12|0x000000008f600000, 0x000000008f600000, 0x000000008f700000|  0%| F|  |TAMS 0x000000008f600000, 0x000000008f600000| Untracked 
|  13|0x000000008f700000, 0x000000008f700000, 0x000000008f800000|  0%| F|  |TAMS 0x000000008f700000, 0x000000008f700000| Untracked 
|  14|0x000000008f800000, 0x000000008f800000, 0x000000008f900000|  0%| F|  |TAMS 0x000000008f800000, 0x000000008f800000| Untracked 
|  15|0x000000008f900000, 0x000000008f900000, 0x000000008fa00000|  0%| F|  |TAMS 0x000000008f900000, 0x000000008f900000| Untracked 
|  16|0x000000008fa00000, 0x000000008fa00000, 0x000000008fb00000|  0%| F|  |TAMS 0x000000008fa00000, 0x000000008fa00000| Untracked 
|  17|0x000000008fb00000, 0x000000008fb00000, 0x000000008fc00000|  0%| F|  |TAMS 0x000000008fb00000, 0x000000008fb00000| Untracked 
|  18|0x000000008fc00000, 0x000000008fc00000, 0x000000008fd00000|  0%| F|  |TAMS 0x000000008fc00000, 0x000000008fc00000| Untracked 
|  19|0x000000008fd00000, 0x000000008fd00000, 0x000000008fe00000|  0%| F|  |TAMS 0x000000008fd00000, 0x000000008fd00000| Untracked 
|  20|0x000000008fe00000, 0x000000008fe00000, 0x000000008ff00000|  0%| F|  |TAMS 0x000000008fe00000, 0x000000008fe00000| Untracked 
|  21|0x000000008ff00000, 0x000000008ff00000, 0x0000000090000000|  0%| F|  |TAMS 0x000000008ff00000, 0x000000008ff00000| Untracked 
|  22|0x0000000090000000, 0x0000000090000000, 0x0000000090100000|  0%| F|  |TAMS 0x0000000090000000, 0x0000000090000000| Untracked 
|  23|0x0000000090100000, 0x0000000090100000, 0x0000000090200000|  0%| F|  |TAMS 0x0000000090100000, 0x0000000090100000| Untracked 
|  24|0x0000000090200000, 0x0000000090200000, 0x0000000090300000|  0%| F|  |TAMS 0x0000000090200000, 0x0000000090200000| Untracked 
|  25|0x0000000090300000, 0x0000000090300000, 0x0000000090400000|  0%| F|  |TAMS 0x0000000090300000, 0x0000000090300000| Untracked 
|  26|0x0000000090400000, 0x0000000090400000, 0x0000000090500000|  0%| F|  |TAMS 0x0000000090400000, 0x0000000090400000| Untracked 
|  27|0x0000000090500000, 0x0000000090500000, 0x0000000090600000|  0%| F|  |TAMS 0x0000000090500000, 0x0000000090500000| Untracked 
|  28|0x0000000090600000, 0x0000000090600000, 0x0000000090700000|  0%| F|  |TAMS 0x0000000090600000, 0x0000000090600000| Untracked 
|  29|0x0000000090700000, 0x0000000090700000, 0x0000000090800000|  0%| F|  |TAMS 0x0000000090700000, 0x0000000090700000| Untracked 
|  30|0x0000000090800000, 0x0000000090800000, 0x0000000090900000|  0%| F|  |TAMS 0x0000000090800000, 0x0000000090800000| Untracked 
|  31|0x0000000090900000, 0x0000000090900000, 0x0000000090a00000|  0%| F|  |TAMS 0x0000000090900000, 0x0000000090900000| Untracked 
|  32|0x0000000090a00000, 0x0000000090a00000, 0x0000000090b00000|  0%| F|  |TAMS 0x0000000090a00000, 0x0000000090a00000| Untracked 
|  33|0x0000000090b00000, 0x0000000090b00000, 0x0000000090c00000|  0%| F|  |TAMS 0x0000000090b00000, 0x0000000090b00000| Untracked 
|  34|0x0000000090c00000, 0x0000000090c00000, 0x0000000090d00000|  0%| F|  |TAMS 0x0000000090c00000, 0x0000000090c00000| Untracked 
|  35|0x0000000090d00000, 0x0000000090d00000, 0x0000000090e00000|  0%| F|  |TAMS 0x0000000090d00000, 0x0000000090d00000| Untracked 
|  36|0x0000000090e00000, 0x0000000090e00000, 0x0000000090f00000|  0%| F|  |TAMS 0x0000000090e00000, 0x0000000090e00000| Untracked 
|  37|0x0000000090f00000, 0x0000000090f00000, 0x0000000091000000|  0%| F|  |TAMS 0x0000000090f00000, 0x0000000090f00000| Untracked 
|  38|0x0000000091000000, 0x0000000091000000, 0x0000000091100000|  0%| F|  |TAMS 0x0000000091000000, 0x0000000091000000| Untracked 
|  39|0x0000000091100000, 0x0000000091100000, 0x0000000091200000|  0%| F|  |TAMS 0x0000000091100000, 0x0000000091100000| Untracked 
|  40|0x0000000091200000, 0x0000000091200000, 0x0000000091300000|  0%| F|  |TAMS 0x0000000091200000, 0x0000000091200000| Untracked 
|  41|0x0000000091300000, 0x0000000091300000, 0x0000000091400000|  0%| F|  |TAMS 0x0000000091300000, 0x0000000091300000| Untracked 
|  42|0x0000000091400000, 0x0000000091400000, 0x0000000091500000|  0%| F|  |TAMS 0x0000000091400000, 0x0000000091400000| Untracked 
|  43|0x0000000091500000, 0x0000000091500000, 0x0000000091600000|  0%| F|  |TAMS 0x0000000091500000, 0x0000000091500000| Untracked 
|  44|0x0000000091600000, 0x0000000091600000, 0x0000000091700000|  0%| F|  |TAMS 0x0000000091600000, 0x0000000091600000| Untracked 
|  45|0x0000000091700000, 0x0000000091700000, 0x0000000091800000|  0%| F|  |TAMS 0x0000000091700000, 0x0000000091700000| Untracked 
|  46|0x0000000091800000, 0x0000000091800000, 0x0000000091900000|  0%| F|  |TAMS 0x0000000091800000, 0x0000000091800000| Untracked 
|  47|0x0000000091900000, 0x0000000091900000, 0x0000000091a00000|  0%| F|  |TAMS 0x0000000091900000, 0x0000000091900000| Untracked 
|  48|0x0000000091a00000, 0x0000000091a00000, 0x0000000091b00000|  0%| F|  |TAMS 0x0000000091a00000, 0x0000000091a00000| Untracked 
|  49|0x0000000091b00000, 0x0000000091b00000, 0x0000000091c00000|  0%| F|  |TAMS 0x0000000091b00000, 0x0000000091b00000| Untracked 
|  50|0x0000000091c00000, 0x0000000091c00000, 0x0000000091d00000|  0%| F|  |TAMS 0x0000000091c00000, 0x0000000091c00000| Untracked 
|  51|0x0000000091d00000, 0x0000000091d00000, 0x0000000091e00000|  0%| F|  |TAMS 0x0000000091d00000, 0x0000000091d00000| Untracked 
|  52|0x0000000091e00000, 0x0000000091e00000, 0x0000000091f00000|  0%| F|  |TAMS 0x0000000091e00000, 0x0000000091e00000| Untracked 
|  53|0x0000000091f00000, 0x0000000091f00000, 0x0000000092000000|  0%| F|  |TAMS 0x0000000091f00000, 0x0000000091f00000| Untracked 
|  54|0x0000000092000000, 0x0000000092000000, 0x0000000092100000|  0%| F|  |TAMS 0x0000000092000000, 0x0000000092000000| Untracked 
|  55|0x0000000092100000, 0x0000000092100000, 0x0000000092200000|  0%| F|  |TAMS 0x0000000092100000, 0x0000000092100000| Untracked 
|  56|0x0000000092200000, 0x0000000092200000, 0x0000000092300000|  0%| F|  |TAMS 0x0000000092200000, 0x0000000092200000| Untracked 
|  57|0x0000000092300000, 0x0000000092300000, 0x0000000092400000|  0%| F|  |TAMS 0x0000000092300000, 0x0000000092300000| Untracked 
|  58|0x0000000092400000, 0x0000000092400000, 0x0000000092500000|  0%| F|  |TAMS 0x0000000092400000, 0x0000000092400000| Untracked 
|  59|0x0000000092500000, 0x0000000092500000, 0x0000000092600000|  0%| F|  |TAMS 0x0000000092500000, 0x0000000092500000| Untracked 
|  60|0x0000000092600000, 0x0000000092600000, 0x0000000092700000|  0%| F|  |TAMS 0x0000000092600000, 0x0000000092600000| Untracked 
|  61|0x0000000092700000, 0x0000000092700000, 0x0000000092800000|  0%| F|  |TAMS 0x0000000092700000, 0x0000000092700000| Untracked 
|  62|0x0000000092800000, 0x0000000092800000, 0x0000000092900000|  0%| F|  |TAMS 0x0000000092800000, 0x0000000092800000| Untracked 
|  63|0x0000000092900000, 0x0000000092900000, 0x0000000092a00000|  0%| F|  |TAMS 0x0000000092900000, 0x0000000092900000| Untracked 
|  64|0x0000000092a00000, 0x0000000092a00000, 0x0000000092b00000|  0%| F|  |TAMS 0x0000000092a00000, 0x0000000092a00000| Untracked 
|  65|0x0000000092b00000, 0x0000000092b00000, 0x0000000092c00000|  0%| F|  |TAMS 0x0000000092b00000, 0x0000000092b00000| Untracked 
|  66|0x0000000092c00000, 0x0000000092c00000, 0x0000000092d00000|  0%| F|  |TAMS 0x0000000092c00000, 0x0000000092c00000| Untracked 
|  67|0x0000000092d00000, 0x0000000092d00000, 0x0000000092e00000|  0%| F|  |TAMS 0x0000000092d00000, 0x0000000092d00000| Untracked 
|  68|0x0000000092e00000, 0x0000000092e00000, 0x0000000092f00000|  0%| F|  |TAMS 0x0000000092e00000, 0x0000000092e00000| Untracked 
|  69|0x0000000092f00000, 0x0000000092f00000, 0x0000000093000000|  0%| F|  |TAMS 0x0000000092f00000, 0x0000000092f00000| Untracked 
|  70|0x0000000093000000, 0x0000000093000000, 0x0000000093100000|  0%| F|  |TAMS 0x0000000093000000, 0x0000000093000000| Untracked 
|  71|0x0000000093100000, 0x0000000093100000, 0x0000000093200000|  0%| F|  |TAMS 0x0000000093100000, 0x0000000093100000| Untracked 
|  72|0x0000000093200000, 0x0000000093200000, 0x0000000093300000|  0%| F|  |TAMS 0x0000000093200000, 0x0000000093200000| Untracked 
|  73|0x0000000093300000, 0x0000000093300000, 0x0000000093400000|  0%| F|  |TAMS 0x0000000093300000, 0x0000000093300000| Untracked 
|  74|0x0000000093400000, 0x0000000093400000, 0x0000000093500000|  0%| F|  |TAMS 0x0000000093400000, 0x0000000093400000| Untracked 
|  75|0x0000000093500000, 0x0000000093500000, 0x0000000093600000|  0%| F|  |TAMS 0x0000000093500000, 0x0000000093500000| Untracked 
|  76|0x0000000093600000, 0x0000000093600000, 0x0000000093700000|  0%| F|  |TAMS 0x0000000093600000, 0x0000000093600000| Untracked 
|  77|0x0000000093700000, 0x0000000093700000, 0x0000000093800000|  0%| F|  |TAMS 0x0000000093700000, 0x0000000093700000| Untracked 
|  78|0x0000000093800000, 0x0000000093800000, 0x0000000093900000|  0%| F|  |TAMS 0x0000000093800000, 0x0000000093800000| Untracked 
|  79|0x0000000093900000, 0x0000000093900000, 0x0000000093a00000|  0%| F|  |TAMS 0x0000000093900000, 0x0000000093900000| Untracked 
|  80|0x0000000093a00000, 0x0000000093a00000, 0x0000000093b00000|  0%| F|  |TAMS 0x0000000093a00000, 0x0000000093a00000| Untracked 
|  81|0x0000000093b00000, 0x0000000093b00000, 0x0000000093c00000|  0%| F|  |TAMS 0x0000000093b00000, 0x0000000093b00000| Untracked 
|  82|0x0000000093c00000, 0x0000000093c00000, 0x0000000093d00000|  0%| F|  |TAMS 0x0000000093c00000, 0x0000000093c00000| Untracked 
|  83|0x0000000093d00000, 0x0000000093d00000, 0x0000000093e00000|  0%| F|  |TAMS 0x0000000093d00000, 0x0000000093d00000| Untracked 
|  84|0x0000000093e00000, 0x0000000093e00000, 0x0000000093f00000|  0%| F|  |TAMS 0x0000000093e00000, 0x0000000093e00000| Untracked 
|  85|0x0000000093f00000, 0x0000000093f00000, 0x0000000094000000|  0%| F|  |TAMS 0x0000000093f00000, 0x0000000093f00000| Untracked 
|  86|0x0000000094000000, 0x0000000094000000, 0x0000000094100000|  0%| F|  |TAMS 0x0000000094000000, 0x0000000094000000| Untracked 
|  87|0x0000000094100000, 0x0000000094100000, 0x0000000094200000|  0%| F|  |TAMS 0x0000000094100000, 0x0000000094100000| Untracked 
|  88|0x0000000094200000, 0x0000000094200000, 0x0000000094300000|  0%| F|  |TAMS 0x0000000094200000, 0x0000000094200000| Untracked 
|  89|0x0000000094300000, 0x0000000094300000, 0x0000000094400000|  0%| F|  |TAMS 0x0000000094300000, 0x0000000094300000| Untracked 
|  90|0x0000000094400000, 0x0000000094400000, 0x0000000094500000|  0%| F|  |TAMS 0x0000000094400000, 0x0000000094400000| Untracked 
|  91|0x0000000094500000, 0x0000000094500000, 0x0000000094600000|  0%| F|  |TAMS 0x0000000094500000, 0x0000000094500000| Untracked 
|  92|0x0000000094600000, 0x0000000094600000, 0x0000000094700000|  0%| F|  |TAMS 0x0000000094600000, 0x0000000094600000| Untracked 
|  93|0x0000000094700000, 0x0000000094700000, 0x0000000094800000|  0%| F|  |TAMS 0x0000000094700000, 0x0000000094700000| Untracked 
|  94|0x0000000094800000, 0x0000000094800000, 0x0000000094900000|  0%| F|  |TAMS 0x0000000094800000, 0x0000000094800000| Untracked 
|  95|0x0000000094900000, 0x0000000094900000, 0x0000000094a00000|  0%| F|  |TAMS 0x0000000094900000, 0x0000000094900000| Untracked 
|  96|0x0000000094a00000, 0x0000000094a00000, 0x0000000094b00000|  0%| F|  |TAMS 0x0000000094a00000, 0x0000000094a00000| Untracked 
|  97|0x0000000094b00000, 0x0000000094b00000, 0x0000000094c00000|  0%| F|  |TAMS 0x0000000094b00000, 0x0000000094b00000| Untracked 
|  98|0x0000000094c00000, 0x0000000094c00000, 0x0000000094d00000|  0%| F|  |TAMS 0x0000000094c00000, 0x0000000094c00000| Untracked 
|  99|0x0000000094d00000, 0x0000000094d00000, 0x0000000094e00000|  0%| F|  |TAMS 0x0000000094d00000, 0x0000000094d00000| Untracked 
| 100|0x0000000094e00000, 0x0000000094e00000, 0x0000000094f00000|  0%| F|  |TAMS 0x0000000094e00000, 0x0000000094e00000| Untracked 
| 101|0x0000000094f00000, 0x0000000094feb8d8, 0x0000000095000000| 92%| E|  |TAMS 0x0000000094f00000, 0x0000000094f00000| Complete 
| 102|0x0000000095000000, 0x0000000095100000, 0x0000000095100000|100%| E|CS|TAMS 0x0000000095000000, 0x0000000095000000| Complete 
| 103|0x0000000095100000, 0x0000000095200000, 0x0000000095200000|100%| E|CS|TAMS 0x0000000095100000, 0x0000000095100000| Complete 
| 104|0x0000000095200000, 0x0000000095300000, 0x0000000095300000|100%| E|CS|TAMS 0x0000000095200000, 0x0000000095200000| Complete 
| 105|0x0000000095300000, 0x0000000095400000, 0x0000000095400000|100%| E|CS|TAMS 0x0000000095300000, 0x0000000095300000| Complete 
| 106|0x0000000095400000, 0x0000000095500000, 0x0000000095500000|100%| E|CS|TAMS 0x0000000095400000, 0x0000000095400000| Complete 
| 107|0x0000000095500000, 0x0000000095600000, 0x0000000095600000|100%| E|CS|TAMS 0x0000000095500000, 0x0000000095500000| Complete 
| 108|0x0000000095600000, 0x0000000095700000, 0x0000000095700000|100%| E|CS|TAMS 0x0000000095600000, 0x0000000095600000| Complete 
| 109|0x0000000095700000, 0x0000000095800000, 0x0000000095800000|100%| E|CS|TAMS 0x0000000095700000, 0x0000000095700000| Complete 
| 110|0x0000000095800000, 0x0000000095900000, 0x0000000095900000|100%| E|CS|TAMS 0x0000000095800000, 0x0000000095800000| Complete 
| 111|0x0000000095900000, 0x0000000095a00000, 0x0000000095a00000|100%| E|CS|TAMS 0x0000000095900000, 0x0000000095900000| Complete 
| 112|0x0000000095a00000, 0x0000000095b00000, 0x0000000095b00000|100%| E|CS|TAMS 0x0000000095a00000, 0x0000000095a00000| Complete 
| 113|0x0000000095b00000, 0x0000000095c00000, 0x0000000095c00000|100%| E|CS|TAMS 0x0000000095b00000, 0x0000000095b00000| Complete 
|1812|0x00000000ffe00000, 0x00000000ffe75000, 0x00000000fff00000| 45%|OA|  |TAMS 0x00000000ffe00000, 0x00000000ffe00000| Untracked 
|1813|0x00000000fff00000, 0x00000000fff77000, 0x0000000100000000| 46%|CA|  |TAMS 0x00000000fff00000, 0x00000000fff00000| Untracked 

Card table byte_map: [0x00007169a2600000,0x00007169a298b000] _byte_map_base: 0x00007169a218b000

Marking Bits (Prev, Next): (CMBitMap*) 0x000071699c06fe20, (CMBitMap*) 0x000071699c06fe60
 Prev Bits: [0x00007169a0400000, 0x00007169a2058000)
 Next Bits: [0x0000716983600000, 0x0000716985258000)

Polling page: 0x00007169a550b000

Metaspace:

Usage:
  Non-class:      5.52 MB used.
      Class:    462.40 KB used.
       Both:      5.97 MB used.

Virtual space:
  Non-class space:       64.00 MB reserved,       5.56 MB (  9%) committed,  1 nodes.
      Class space:        1.00 GB reserved,     576.00 KB ( <1%) committed,  1 nodes.
             Both:        1.06 GB reserved,       6.12 MB ( <1%) committed. 

Chunk freelists:
   Non-Class:  9.69 MB
       Class:  15.48 MB
        Both:  25.17 MB

MaxMetaspaceSize: unlimited
CompressedClassSpaceSize: 1.00 GB
Initial GC threshold: 21.00 MB
Current GC threshold: 21.00 MB
CDS: on
MetaspaceReclaimPolicy: balanced
 - commit_granule_bytes: 65536.
 - commit_granule_words: 8192.
 - virtual_space_node_default_size: 8388608.
 - enlarge_chunks_in_place: 1.
 - new_chunks_are_fully_committed: 0.
 - uncommit_free_chunks: 1.
 - use_allocation_guard: 0.
 - handle_deallocations: 1.


Internal statistics:

num_allocs_failed_limit: 0.
num_arena_births: 86.
num_arena_deaths: 0.
num_vsnodes_births: 2.
num_vsnodes_deaths: 0.
num_space_committed: 96.
num_space_uncommitted: 0.
num_chunks_returned_to_freelist: 0.
num_chunks_taken_from_freelist: 183.
num_chunk_merges: 0.
num_chunk_splits: 134.
num_chunks_enlarged: 99.
num_inconsistent_stats: 0.

CodeHeap 'non-profiled nmethods': size=120028Kb used=313Kb max_used=313Kb free=119714Kb
 bounds [0x000071698cec9000, 0x000071698d139000, 0x0000716994400000]
CodeHeap 'profiled nmethods': size=120028Kb used=1743Kb max_used=1743Kb free=118284Kb
 bounds [0x0000716985400000, 0x0000716985670000, 0x000071698c937000]
CodeHeap 'non-nmethods': size=5704Kb used=1324Kb max_used=1337Kb free=4379Kb
 bounds [0x000071698c937000, 0x000071698cba7000, 0x000071698cec9000]
 total_blobs=1710 nmethods=1040 adapters=584
 compilation: enabled
              stopped_count=0, restarted_count=0
 full_count=0

Compilation events (20 events):
Event: 22.091 Thread 0x000071699c12b9d0 1029       3       java.nio.HeapByteBuffer::getInt (29 bytes)
Event: 22.092 Thread 0x000071699c12b9d0 nmethod 1029 0x00007169855b0210 code [0x00007169855b0460, 0x00007169855b0ec0]
Event: 22.274 Thread 0x000071699c12b9d0 1031       3       jdk.internal.misc.Unsafe::toUnsignedLong (7 bytes)
Event: 22.274 Thread 0x000071699c12b9d0 nmethod 1031 0x00007169855b1310 code [0x00007169855b14a0, 0x00007169855b1590]
Event: 22.408 Thread 0x000071699c12a480 1032       4       java.nio.ByteBuffer::flip (5 bytes)
Event: 22.408 Thread 0x000071699c12a480 nmethod 1032 0x000071698cf15990 code [0x000071698cf15b20, 0x000071698cf15bd8]
Event: 22.441 Thread 0x000071699c12b9d0 1033   !   3       java.util.concurrent.locks.AbstractQueuedSynchronizer::acquire (407 bytes)
Event: 22.442 Thread 0x000071699c12b9d0 nmethod 1033 0x00007169855b1610 code [0x00007169855b19c0, 0x00007169855b33f0]
Event: 22.858 Thread 0x000071699c12a480 1034       4       java.nio.HeapByteBuffer::compact (85 bytes)
Event: 22.859 Thread 0x000071699c12a480 nmethod 1034 0x000071698cf15c90 code [0x000071698cf15e20, 0x000071698cf16058]
Event: 22.991 Thread 0x000071699c12a480 1035   !   4       org.lwjgl.opengl.LinuxDisplay::unlockAWT (30 bytes)
Event: 22.991 Thread 0x000071699c12a480 nmethod 1035 0x000071698cf16290 code [0x000071698cf16420, 0x000071698cf164c8]
Event: 110.070 Thread 0x000071699c12a480 1036   !   4       org.lwjgl.opengl.LinuxDisplay::lockAWT (30 bytes)
Event: 110.088 Thread 0x000071699c12a480 nmethod 1036 0x000071698cf16590 code [0x000071698cf16720, 0x000071698cf167c8]
Event: 122.075 Thread 0x000071699c12a480 1037       4       jdk.internal.misc.Unsafe::putReferenceOpaque (9 bytes)
Event: 122.085 Thread 0x000071699c12a480 nmethod 1037 0x000071698cf16890 code [0x000071698cf16a00, 0x000071698cf16b38]
Event: 140.894 Thread 0x000071699c12b9d0 1038       1       java.util.jar.Manifest::getEntries (5 bytes)
Event: 140.894 Thread 0x000071699c12b9d0 nmethod 1038 0x000071698cf16b90 code [0x000071698cf16d20, 0x000071698cf16df0]
Event: 140.894 Thread 0x000071699c12b9d0 1039       1       java.util.jar.Manifest::getMainAttributes (5 bytes)
Event: 140.894 Thread 0x000071699c12b9d0 nmethod 1039 0x000071698cf16e90 code [0x000071698cf17020, 0x000071698cf170f0]

GC Heap History (0 events):
No events

Dll operation events (12 events):
Event: 0.002 Loaded shared library /usr/lib/jvm/java-17-openjdk-amd64/lib/libjava.so
Event: 0.018 Loaded shared library /usr/lib/jvm/java-17-openjdk-amd64/lib/libjsvml.so
Event: 0.030 Loaded shared library /usr/lib/jvm/java-17-openjdk-amd64/lib/libnio.so
Event: 0.032 Loaded shared library /usr/lib/jvm/java-17-openjdk-amd64/lib/libzip.so
Event: 0.070 Loaded shared library /usr/lib/jvm/java-17-openjdk-amd64/lib/libjimage.so
Event: 0.075 Loaded shared library /tmp/libgdxpunk/da3a4817/libgdx64.so
Event: 0.090 Loaded shared library /usr/lib/jvm/java-17-openjdk-amd64/lib/libverify.so
Event: 0.109 Loaded shared library /usr/lib/jvm/java-17-openjdk-amd64/lib/libawt.so
Event: 0.114 Loaded shared library /usr/lib/jvm/java-17-openjdk-amd64/lib/libawt_xawt.so
Event: 0.149 Loaded shared library /usr/lib/jvm/java-17-openjdk-amd64/lib/libfontmanager.so
Event: 0.185 Loaded shared library /usr/lib/jvm/java-17-openjdk-amd64/lib/libjawt.so
Event: 0.186 Loaded shared library /tmp/libgdxpunk/dd5c1a65/liblwjgl64.so

Deoptimization events (16 events):
Event: 0.085 Thread 0x000071699c019030 DEOPT PACKING pc=0x0000716985413036 sp=0x00007169a39fc480
Event: 0.085 Thread 0x000071699c019030 DEOPT UNPACKING pc=0x000071698c98de2f sp=0x00007169a39fb8c0 mode 0
Event: 0.091 Thread 0x000071699c019030 DEOPT PACKING pc=0x000071698540b7bc sp=0x00007169a39fc8a0
Event: 0.091 Thread 0x000071699c019030 DEOPT UNPACKING pc=0x000071698c98de2f sp=0x00007169a39fbd10 mode 0
Event: 0.096 Thread 0x000071699c019030 DEOPT PACKING pc=0x0000716985402342 sp=0x00007169a39fa050
Event: 0.096 Thread 0x000071699c019030 DEOPT UNPACKING pc=0x000071698c98de2f sp=0x00007169a39f9508 mode 0
Event: 0.109 Thread 0x000071699c019030 Uncommon trap: trap_request=0xffffff6e fr.pc=0x000071698ced8b38 relative=0x0000000000000418
Event: 0.109 Thread 0x000071699c019030 Uncommon trap: reason=loop_limit_check action=maybe_recompile pc=0x000071698ced8b38 method=java.lang.StringLatin1.indexOf([BI[BII)I @ 37 c2
Event: 0.109 Thread 0x000071699c019030 DEOPT PACKING pc=0x000071698ced8b38 sp=0x00007169a39fc5a0
Event: 0.109 Thread 0x000071699c019030 DEOPT UNPACKING pc=0x000071698c98d699 sp=0x00007169a39fc520 mode 2
Event: 0.245 Thread 0x000071699c019030 Uncommon trap: trap_request=0xffffff45 fr.pc=0x000071698ced4e58 relative=0x0000000000000238
Event: 0.245 Thread 0x000071699c019030 Uncommon trap: reason=unstable_if action=reinterpret pc=0x000071698ced4e58 method=java.lang.String.startsWith(Ljava/lang/String;I)Z @ 1 c2
Event: 0.245 Thread 0x000071699c019030 DEOPT PACKING pc=0x000071698ced4e58 sp=0x00007169a39fe1b0
Event: 0.245 Thread 0x000071699c019030 DEOPT UNPACKING pc=0x000071698c98d699 sp=0x00007169a39fe138 mode 2
Event: 3.523 Thread 0x000071699c3de660 DEOPT PACKING pc=0x000071698553d021 sp=0x0000716979dfe770
Event: 3.523 Thread 0x000071699c3de660 DEOPT UNPACKING pc=0x000071698c98de2f sp=0x0000716979dfdd18 mode 0

Classes loaded (20 events):
Event: 0.413 Loading class java/nio/DirectDoubleBufferU
Event: 0.413 Loading class java/nio/DirectDoubleBufferU done
Event: 0.458 Loading class java/nio/DirectShortBufferU
Event: 0.458 Loading class java/nio/DirectShortBufferU done
Event: 0.471 Loading class java/io/UnsupportedEncodingException
Event: 0.471 Loading class java/io/UnsupportedEncodingException done
Event: 0.473 Loading class sun/net/ProgressMonitor
Event: 0.473 Loading class sun/net/ProgressMonitor done
Event: 0.473 Loading class sun/net/DefaultProgressMeteringPolicy
Event: 0.473 Loading class sun/net/ProgressMeteringPolicy
Event: 0.473 Loading class sun/net/ProgressMeteringPolicy done
Event: 0.474 Loading class sun/net/DefaultProgressMeteringPolicy done
Event: 140.883 Loading class jdk/internal/misc/Signal$1
Event: 140.887 Loading class jdk/internal/misc/Signal$1 done
Event: 140.890 Loading class sun/awt/X11/XSystemTrayPeer
Event: 140.893 Loading class java/awt/peer/SystemTrayPeer
Event: 140.894 Loading class java/awt/peer/SystemTrayPeer done
Event: 140.894 Loading class sun/awt/X11/XMSelectionListener
Event: 140.894 Loading class sun/awt/X11/XMSelectionListener done
Event: 140.895 Loading class sun/awt/X11/XSystemTrayPeer done

Classes unloaded (0 events):
No events

Classes redefined (0 events):
No events

Internal exceptions (12 events):
Event: 0.102 Thread 0x000071699c019030 Exception <a 'java/lang/ClassNotFoundException'{0x0000000095983a20}: sun/awt/resources/spi/awtProvider> (0x0000000095983a20) 
thrown [./src/hotspot/share/classfile/systemDictionary.cpp, line 256]
Event: 0.126 Thread 0x000071699c019030 Exception <a 'java/io/FileNotFoundException'{0x00000000959e3eb8}> (0x00000000959e3eb8) 
thrown [./src/hotspot/share/prims/jni.cpp, line 516]
Event: 0.135 Thread 0x000071699c019030 Exception <a 'java/lang/NoSuchMethodError'{0x0000000095829470}: 'java.lang.Object java.lang.invoke.DirectMethodHandle$Holder.invokeStaticInit(java.lang.Object)'> (0x0000000095829470) 
thrown [./src/hotspot/share/interpreter/linkResolver.cpp, line 758]
Event: 0.190 Thread 0x000071699c019030 Exception <a 'java/lang/NoSuchMethodError'{0x00000000958cbc70}: 'java.lang.Object java.lang.invoke.DirectMethodHandle$Holder.invokeInterface(java.lang.Object, java.lang.Object)'> (0x00000000958cbc70) 
thrown [./src/hotspot/share/interpreter/linkResolver.cpp, line 758]
Event: 0.191 Thread 0x000071699c019030 Exception <a 'java/lang/IncompatibleClassChangeError'{0x00000000958cf5a0}: Found class java.lang.Object, but interface was expected> (0x00000000958cf5a0) 
thrown [./src/hotspot/share/interpreter/linkResolver.cpp, line 826]
Event: 0.274 Thread 0x000071699c3de660 Exception <a 'java/lang/NoSuchMethodError'{0x00000000956ddb60}: 'java.lang.Object java.lang.invoke.DirectMethodHandle$Holder.invokeStaticInit(java.lang.Object, java.lang.Object, long, java.lang.Object)'> (0x00000000956ddb60) 
thrown [./src/hotspot/share/interpreter/linkResolver.cpp, line 758]
Event: 0.275 Thread 0x000071699c3de660 Exception <a 'java/lang/NoSuchMethodError'{0x00000000956e4258}: 'java.lang.Object java.lang.invoke.DirectMethodHandle$Holder.newInvokeSpecial(java.lang.Object, java.lang.Object, long)'> (0x00000000956e4258) 
thrown [./src/hotspot/share/interpreter/linkResolver.cpp, line 758]
Event: 0.275 Thread 0x000071699c3de660 Exception <a 'java/lang/NoSuchMethodError'{0x00000000956e7dc8}: 'java.lang.Object java.lang.invoke.Invokers$Holder.linkToTargetMethod(java.lang.Object, long, java.lang.Object)'> (0x00000000956e7dc8) 
thrown [./src/hotspot/share/interpreter/linkResolver.cpp, line 758]
Event: 0.276 Thread 0x000071699c3de660 Exception <a 'java/lang/NoSuchMethodError'{0x00000000956ef248}: 'java.lang.Object java.lang.invoke.DirectMethodHandle$Holder.newInvokeSpecial(java.lang.Object, java.lang.Object, java.lang.Object, int)'> (0x00000000956ef248) 
thrown [./src/hotspot/share/interpreter/linkResolver.cpp, line 758]
Event: 0.276 Thread 0x000071699c3de660 Exception <a 'java/lang/NoSuchMethodError'{0x00000000956f3628}: 'java.lang.Object java.lang.invoke.DirectMethodHandle$Holder.invokeSpecial(java.lang.Object, java.lang.Object, java.lang.Object, java.lang.Object, int)'> (0x00000000956f3628) 
thrown [./src/hotspot/share/interpreter/linkResolver.cpp, line 758]
Event: 0.276 Thread 0x000071699c3de660 Exception <a 'java/lang/NoSuchMethodError'{0x00000000956f71f0}: 'java.lang.Object java.lang.invoke.Invokers$Holder.linkToTargetMethod(java.lang.Object, java.lang.Object, int, java.lang.Object)'> (0x00000000956f71f0) 
thrown [./src/hotspot/share/interpreter/linkResolver.cpp, line 758]
Event: 0.298 Thread 0x000071699c3de660 Exception <a 'java/lang/NoClassDefFoundError'{0x0000000095515698}: org/lwjgl/opengles/GLContext> (0x0000000095515698) 
thrown [./src/hotspot/share/classfile/systemDictionary.cpp, line 245]

VM Operations (20 events):
Event: 7.278 Executing VM operation: Cleanup done
Event: 9.278 Executing VM operation: Cleanup
Event: 9.278 Executing VM operation: Cleanup done
Event: 12.278 Executing VM operation: Cleanup
Event: 12.278 Executing VM operation: Cleanup done
Event: 16.278 Executing VM operation: Cleanup
Event: 16.278 Executing VM operation: Cleanup done
Event: 18.279 Executing VM operation: Cleanup
Event: 18.279 Executing VM operation: Cleanup done
Event: 22.279 Executing VM operation: Cleanup
Event: 22.279 Executing VM operation: Cleanup done
Event: 23.279 Executing VM operation: Cleanup
Event: 23.279 Executing VM operation: Cleanup done
Event: 60.048 Executing VM operation: HandshakeAllThreads
Event: 60.048 Executing VM operation: HandshakeAllThreads done
Event: 61.048 Executing VM operation: Cleanup
Event: 61.048 Executing VM operation: Cleanup done
Event: 141.056 Executing VM operation: Cleanup
Event: 141.057 Executing VM operation: Cleanup done
Event: 141.104 Executing VM operation: Exit

Memory protections (20 events):
Event: 0.020 Protecting memory [0x0000716980df9000,0x0000716980dfd000] with protection modes 0
Event: 0.020 Protecting memory [0x0000716980cf9000,0x0000716980cfd000] with protection modes 0
Event: 0.023 Protecting memory [0x0000716980bf9000,0x0000716980bfd000] with protection modes 0
Event: 0.023 Protecting memory [0x0000716980500000,0x0000716980504000] with protection modes 0
Event: 0.023 Protecting memory [0x0000716980400000,0x0000716980404000] with protection modes 0
Event: 0.023 Protecting memory [0x0000716980300000,0x0000716980304000] with protection modes 0
Event: 0.023 Protecting memory [0x0000716980200000,0x0000716980204000] with protection modes 0
Event: 0.023 Protecting memory [0x0000716980100000,0x0000716980104000] with protection modes 0
Event: 0.027 Protecting memory [0x0000716980000000,0x0000716980004000] with protection modes 0
Event: 0.028 Protecting memory [0x000071697bdff000,0x000071697be03000] with protection modes 0
Event: 0.182 Protecting memory [0x000071697b451000,0x000071697b455000] with protection modes 0
Event: 0.184 Protecting memory [0x000071697b351000,0x000071697b355000] with protection modes 0
Event: 0.259 Protecting memory [0x0000716979d00000,0x0000716979d04000] with protection modes 0
Event: 0.260 Protecting memory [0x00007169a3900000,0x00007169a3904000] with protection modes 0
Event: 0.279 Protecting memory [0x000071697aa91000,0x000071697aa95000] with protection modes 0
Event: 140.888 Protecting memory [0x0000716978a0f000,0x0000716978a13000] with protection modes 0
Event: 140.889 Protecting memory [0x0000716916100000,0x0000716916104000] with protection modes 0
Event: 140.890 Protecting memory [0x0000716915700000,0x0000716915704000] with protection modes 0
Event: 140.890 Protecting memory [0x0000716914d00000,0x0000716914d04000] with protection modes 0
Event: 141.094 Protecting memory [0x000071697aa91000,0x000071697aa95000] with protection modes 0

Nmethod flushes (0 events):
No events

Events (20 events):
Event: 0.023 Thread 0x000071699c019030 Thread added: 0x000071699c12b9d0
Event: 0.023 Thread 0x000071699c019030 Thread added: 0x000071699c134e50
Event: 0.027 Thread 0x000071699c019030 Thread added: 0x000071699c13d250
Event: 0.028 Thread 0x000071699c019030 Thread added: 0x000071699c140220
Event: 0.182 Thread 0x000071699c019030 Thread added: 0x000071699c328ab0
Event: 0.184 Thread 0x000071699c019030 Thread added: 0x000071699c32a820
Event: 0.259 Thread 0x000071699c019030 Thread added: 0x000071699c3de660
Event: 0.260 Thread 0x000071699c019030 Thread exited: 0x000071699c019030
Event: 0.260 Thread 0x000071699c019030 Thread added: 0x000071699c019030
Event: 0.279 Thread 0x000071699c3de660 Thread added: 0x00007168b801dfd0
Event: 60.310 Thread 0x00007168b801dfd0 Thread exited: 0x00007168b801dfd0
Event: 140.888 Thread 0x000071699c1262b0 Thread added: 0x0000716904000fc0
Event: 140.889 Thread 0x0000716904000fc0 Thread added: 0x00007168b00013f0
Event: 140.890 Thread 0x0000716904000fc0 Thread added: 0x00007168b0002220
Event: 140.890 Thread 0x0000716904000fc0 Thread added: 0x00007168b00032a0
Event: 140.895 Thread 0x00007168b00032a0 Thread exited: 0x00007168b00032a0
Event: 141.094 Thread 0x00007168b00013f0 Thread added: 0x000071686c001950
Event: 141.103 Thread 0x00007168b00013f0 Thread exited: 0x00007168b00013f0
Event: 141.104 Thread 0x00007168b0002220 Thread exited: 0x00007168b0002220
Event: 141.104 Thread 0x0000716904000fc0 Before exit entered


Dynamic libraries:
8ea00000-95c00000 rw-p 00000000 00:00 0 
95c00000-ffe00000 ---p 00000000 00:00 0 
ffe00000-ffe75000 rw-p 00c78000 103:04 156517                            /usr/lib/jvm/java-17-openjdk-amd64/lib/server/classes.jsa
ffe75000-fff00000 rw-p 00000000 00:00 0 
fff00000-fff77000 rw-p 00c01000 103:04 156517                            /usr/lib/jvm/java-17-openjdk-amd64/lib/server/classes.jsa
fff77000-100000000 rw-p 00000000 00:00 0 
60b5b5202000-60b5b5203000 r--p 00000000 103:04 136340                    /usr/lib/jvm/java-17-openjdk-amd64/bin/java
60b5b5203000-60b5b5204000 r-xp 00001000 103:04 136340                    /usr/lib/jvm/java-17-openjdk-amd64/bin/java
60b5b5204000-60b5b5205000 r--p 00002000 103:04 136340                    /usr/lib/jvm/java-17-openjdk-amd64/bin/java
60b5b5205000-60b5b5206000 r--p 00002000 103:04 136340                    /usr/lib/jvm/java-17-openjdk-amd64/bin/java
60b5b5206000-60b5b5207000 rw-p 00003000 103:04 136340                    /usr/lib/jvm/java-17-openjdk-amd64/bin/java
60b5bb3bf000-60b5bb407000 rw-p 00000000 00:00 0                          [heap]
716860000000-716860021000 rw-p 00000000 00:00 0 
716860021000-716864000000 ---p 00000000 00:00 0 
716868000000-716868021000 rw-p 00000000 00:00 0 
716868021000-71686c000000 ---p 00000000 00:00 0 
71686c000000-71686c021000 rw-p 00000000 00:00 0 
71686c021000-716870000000 ---p 00000000 00:00 0 
716874000000-716874052000 rw-p 00000000 00:00 0 
716874052000-716878000000 ---p 00000000 00:00 0 
716878000000-716878021000 rw-p 00000000 00:00 0 
716878021000-71687c000000 ---p 00000000 00:00 0 
716880000000-716880021000 rw-p 00000000 00:00 0 
716880021000-716884000000 ---p 00000000 00:00 0 
716884000000-716884021000 rw-p 00000000 00:00 0 
716884021000-716888000000 ---p 00000000 00:00 0 
71688c000000-71688c021000 rw-p 00000000 00:00 0 
71688c021000-716890000000 ---p 00000000 00:00 0 
716890000000-716890021000 rw-p 00000000 00:00 0 
716890021000-716894000000 ---p 00000000 00:00 0 
716898000000-716898024000 rw-p 00000000 00:00 0 
716898024000-71689c000000 ---p 00000000 00:00 0 
71689c000000-71689c021000 rw-p 00000000 00:00 0 
71689c021000-7168a0000000 ---p 00000000 00:00 0 
7168a4000000-7168a4021000 rw-p 00000000 00:00 0 
7168a4021000-7168a8000000 ---p 00000000 00:00 0 
7168a8800000-7168af968000 r-xp 00000000 103:04 142322                    /usr/lib/x86_64-linux-gnu/libLLVM-17.so.1
7168af968000-7168afda8000 r--p 07167000 103:04 142322                    /usr/lib/x86_64-linux-gnu/libLLVM-17.so.1
7168afda8000-7168afdf2000 rw-p 075a7000 103:04 142322                    /usr/lib/x86_64-linux-gnu/libLLVM-17.so.1
7168afdf2000-7168afe77000 rw-p 00000000 00:00 0 
7168b0000000-7168b0021000 rw-p 00000000 00:00 0 
7168b0021000-7168b4000000 ---p 00000000 00:00 0 
7168b8000000-7168b9157000 rw-p 00000000 00:00 0 
7168b9157000-7168bc000000 ---p 00000000 00:00 0 
7168bc000000-7168bc021000 rw-p 00000000 00:00 0 
7168bc021000-7168c0000000 ---p 00000000 00:00 0 
7168c4000000-7168c4021000 rw-p 00000000 00:00 0 
7168c4021000-7168c8000000 ---p 00000000 00:00 0 
7168c8000000-7168c8021000 rw-p 00000000 00:00 0 
7168c8021000-7168cc000000 ---p 00000000 00:00 0 
7168d0000000-7168d0021000 rw-p 00000000 00:00 0 
7168d0021000-7168d4000000 ---p 00000000 00:00 0 
7168d4000000-7168d4021000 rw-p 00000000 00:00 0 
7168d4021000-7168d8000000 ---p 00000000 00:00 0 
7168dc000000-7168dc021000 rw-p 00000000 00:00 0 
7168dc021000-7168e0000000 ---p 00000000 00:00 0 
7168e0000000-7168e0021000 rw-p 00000000 00:00 0 
7168e0021000-7168e4000000 ---p 00000000 00:00 0 
7168e8000000-7168e8021000 rw-p 00000000 00:00 0 
7168e8021000-7168ec000000 ---p 00000000 00:00 0 
7168ec000000-7168ec2c1000 rw-p 00000000 00:00 0 
7168ec2c1000-7168f0000000 ---p 00000000 00:00 0 
7168f4000000-7168f4328000 rw-p 00000000 00:00 0 
7168f4328000-7168f8000000 ---p 00000000 00:00 0 
7168f8000000-7168f8021000 rw-p 00000000 00:00 0 
7168f8021000-7168fc000000 ---p 00000000 00:00 0 
716900000000-716900021000 rw-p 00000000 00:00 0 
716900021000-716904000000 ---p 00000000 00:00 0 
716904000000-716904021000 rw-p 00000000 00:00 0 
716904021000-716908000000 ---p 00000000 00:00 0 
716909817000-716909a17000 rw-s 152bb1000 00:05 910                       /dev/dri/renderD128
716909a17000-71690a200000 rw-s 140d89000 00:05 910                       /dev/dri/renderD128
71690c000000-71690c021000 rw-p 00000000 00:00 0 
71690c021000-716910000000 ---p 00000000 00:00 0 
716910000000-716910021000 rw-p 00000000 00:00 0 
716910021000-716914000000 ---p 00000000 00:00 0 
716914000000-716914200000 rw-s 1529b1000 00:05 910                       /dev/dri/renderD128
716914200000-716914400000 rw-s 13b3f9000 00:05 910                       /dev/dri/renderD128
716915800000-716915801000 ---p 00000000 00:00 0 
716915801000-716916001000 rw-p 00000000 00:00 0 
716916200000-716916201000 r--p 00000000 103:04 142728                    /usr/lib/x86_64-linux-gnu/libicudata.so.74.2
716916201000-716916202000 r-xp 00001000 103:04 142728                    /usr/lib/x86_64-linux-gnu/libicudata.so.74.2
716916202000-716917f5e000 r--p 00002000 103:04 142728                    /usr/lib/x86_64-linux-gnu/libicudata.so.74.2
716917f5e000-716917f5f000 r--p 01d5d000 103:04 142728                    /usr/lib/x86_64-linux-gnu/libicudata.so.74.2
716917f5f000-716917f60000 rw-p 01d5e000 103:04 142728                    /usr/lib/x86_64-linux-gnu/libicudata.so.74.2
716918000000-716918021000 rw-p 00000000 00:00 0 
716918021000-71691c000000 ---p 00000000 00:00 0 
71691c000000-71691c200000 rw-s 155bc6000 00:05 910                       /dev/dri/renderD128
71691c200000-71691c400000 rw-s 149301000 00:05 910                       /dev/dri/renderD128
71691c400000-71691c401000 ---p 00000000 00:00 0 
71691c401000-71691cc01000 rw-p 00000000 00:00 0 
71691cc9c000-71691ce00000 rw-s 152821000 00:05 910                       /dev/dri/renderD128
71691ce00000-71691ce97000 r--p 00000000 103:04 143586                    /usr/lib/x86_64-linux-gnu/dri/radeonsi_dri.so
71691ce97000-71691e2ad000 r-xp 00097000 103:04 143586                    /usr/lib/x86_64-linux-gnu/dri/radeonsi_dri.so
71691e2ad000-71691ed58000 r--p 014ad000 103:04 143586                    /usr/lib/x86_64-linux-gnu/dri/radeonsi_dri.so
71691ed58000-71691edf0000 r--p 01f57000 103:04 143586                    /usr/lib/x86_64-linux-gnu/dri/radeonsi_dri.so
71691edf0000-71691ee2c000 rw-p 01fef000 103:04 143586                    /usr/lib/x86_64-linux-gnu/dri/radeonsi_dri.so
71691ee2c000-71691eff1000 rw-p 00000000 00:00 0 
71691f000000-71691f340000 rw-p 00000000 00:00 0 
71691f340000-71691f400000 ---p 00000000 00:00 0 
71691f400000-71691f510000 rw-p 00000000 00:00 0 
71691f510000-71691f650000 rw-p 00000000 00:00 0 
71691f650000-716923000000 ---p 00000000 00:00 0 
716923000000-716923bc9000 rw-p 00001000 103:04 156517                    /usr/lib/jvm/java-17-openjdk-amd64/lib/server/classes.jsa
716923bc9000-716924000000 ---p 00000000 00:00 0 
716924000000-716924030000 rw-p 00000000 00:00 0 
716924030000-716924090000 rw-p 00000000 00:00 0 
716924090000-716964000000 ---p 00000000 00:00 0 
716964000000-716964021000 rw-p 00000000 00:00 0 
716964021000-716968000000 ---p 00000000 00:00 0 
716968000000-716968021000 rw-p 00000000 00:00 0 
716968021000-71696c000000 ---p 00000000 00:00 0 
71696c000000-716970000000 rw-s 00000000 00:01 1936                       /memfd:pulseaudio (deleted)
716970000000-716970021000 rw-p 00000000 00:00 0 
716970021000-716974000000 ---p 00000000 00:00 0 
716974000000-716974021000 rw-p 00000000 00:00 0 
716974021000-716978000000 ---p 00000000 00:00 0 
716978000000-716978200000 rw-s 11e01f000 00:05 910                       /dev/dri/renderD128
716978200000-716978201000 ---p 00000000 00:00 0 
716978201000-716978a01000 rw-p 00000000 00:00 0 
716978a0f000-716978a13000 ---p 00000000 00:00 0 
716978a13000-716978b0f000 rw-p 00000000 00:00 0 
716978b0f000-716978b5c000 rw-p 00000000 00:00 0 
716978b7f000-716978c00000 rw-p 00000000 00:00 0 
716978c00000-716978c01000 ---p 00000000 00:00 0 
716978c01000-716979401000 rw-p 00000000 00:00 0 
716979414000-7169794bf000 rw-p 00000000 00:00 0 
7169794bf000-716979600000 rw-s 00000000 103:04 1048990                   /home/punk/.cache/mesa_shader_cache/index
716979600000-716979668000 r--p 00000000 103:04 142733                    /usr/lib/x86_64-linux-gnu/libicuuc.so.74.2
716979668000-71697976d000 r-xp 00068000 103:04 142733                    /usr/lib/x86_64-linux-gnu/libicuuc.so.74.2
71697976d000-7169797f7000 r--p 0016d000 103:04 142733                    /usr/lib/x86_64-linux-gnu/libicuuc.so.74.2
7169797f7000-71697980a000 r--p 001f7000 103:04 142733                    /usr/lib/x86_64-linux-gnu/libicuuc.so.74.2
71697980a000-71697980b000 rw-p 0020a000 103:04 142733                    /usr/lib/x86_64-linux-gnu/libicuuc.so.74.2
71697980b000-71697980d000 rw-p 00000000 00:00 0 
71697982d000-7169798ae000 rw-p 00000000 00:00 0 
7169798ae000-7169798b0000 r--p 00000000 103:04 142899                    /usr/lib/x86_64-linux-gnu/libpciaccess.so.0.11.1
7169798b0000-7169798b5000 r-xp 00002000 103:04 142899                    /usr/lib/x86_64-linux-gnu/libpciaccess.so.0.11.1
7169798b5000-7169798b7000 r--p 00007000 103:04 142899                    /usr/lib/x86_64-linux-gnu/libpciaccess.so.0.11.1
7169798b7000-7169798b8000 r--p 00008000 103:04 142899                    /usr/lib/x86_64-linux-gnu/libpciaccess.so.0.11.1
7169798b8000-7169798b9000 rw-p 00009000 103:04 142899                    /usr/lib/x86_64-linux-gnu/libpciaccess.so.0.11.1
7169798b9000-7169798e8000 r--p 00000000 103:04 186044                    /usr/lib/x86_64-linux-gnu/libxml2.so.2.9.14
7169798e8000-716979a4e000 r-xp 0002f000 103:04 186044                    /usr/lib/x86_64-linux-gnu/libxml2.so.2.9.14
716979a4e000-716979a90000 r--p 00195000 103:04 186044                    /usr/lib/x86_64-linux-gnu/libxml2.so.2.9.14
716979a90000-716979a99000 r--p 001d6000 103:04 186044                    /usr/lib/x86_64-linux-gnu/libxml2.so.2.9.14
716979a99000-716979a9a000 rw-p 001df000 103:04 186044                    /usr/lib/x86_64-linux-gnu/libxml2.so.2.9.14
716979a9a000-716979a9b000 rw-p 00000000 00:00 0 
716979a9b000-716979aa9000 r--p 00000000 103:04 143029                    /usr/lib/x86_64-linux-gnu/libtinfo.so.6.4
716979aa9000-716979abc000 r-xp 0000e000 103:04 143029                    /usr/lib/x86_64-linux-gnu/libtinfo.so.6.4
716979abc000-716979aca000 r--p 00021000 103:04 143029                    /usr/lib/x86_64-linux-gnu/libtinfo.so.6.4
716979aca000-716979ace000 r--p 0002e000 103:04 143029                    /usr/lib/x86_64-linux-gnu/libtinfo.so.6.4
716979ace000-716979acf000 rw-p 00032000 103:04 143029                    /usr/lib/x86_64-linux-gnu/libtinfo.so.6.4
716979acf000-716979ad7000 r--p 00000000 103:04 142563                    /usr/lib/x86_64-linux-gnu/libedit.so.2.0.72
716979ad7000-716979af6000 r-xp 00008000 103:04 142563                    /usr/lib/x86_64-linux-gnu/libedit.so.2.0.72
716979af6000-716979b02000 r--p 00027000 103:04 142563                    /usr/lib/x86_64-linux-gnu/libedit.so.2.0.72
716979b02000-716979b04000 r--p 00033000 103:04 142563                    /usr/lib/x86_64-linux-gnu/libedit.so.2.0.72
716979b04000-716979b05000 rw-p 00035000 103:04 142563                    /usr/lib/x86_64-linux-gnu/libedit.so.2.0.72
716979b05000-716979b09000 rw-p 00000000 00:00 0 
716979b09000-716979b0b000 r--p 00000000 103:04 142587                    /usr/lib/x86_64-linux-gnu/libffi.so.8.1.4
716979b0b000-716979b12000 r-xp 00002000 103:04 142587                    /usr/lib/x86_64-linux-gnu/libffi.so.8.1.4
716979b12000-716979b13000 r--p 00009000 103:04 142587                    /usr/lib/x86_64-linux-gnu/libffi.so.8.1.4
716979b13000-716979b14000 r--p 0000a000 103:04 142587                    /usr/lib/x86_64-linux-gnu/libffi.so.8.1.4
716979b14000-716979b15000 rw-p 0000b000 103:04 142587                    /usr/lib/x86_64-linux-gnu/libffi.so.8.1.4
716979b15000-716979b18000 r--p 00000000 103:04 142546                    /usr/lib/x86_64-linux-gnu/libdrm_intel.so.1.0.0
716979b18000-716979b2e000 r-xp 00003000 103:04 142546                    /usr/lib/x86_64-linux-gnu/libdrm_intel.so.1.0.0
716979b2e000-716979b37000 r--p 00019000 103:04 142546                    /usr/lib/x86_64-linux-gnu/libdrm_intel.so.1.0.0
716979b37000-716979b38000 r--p 00021000 103:04 142546                    /usr/lib/x86_64-linux-gnu/libdrm_intel.so.1.0.0
716979b38000-716979b39000 rw-p 00022000 103:04 142546                    /usr/lib/x86_64-linux-gnu/libdrm_intel.so.1.0.0
716979b39000-716979b3b000 r--p 00000000 103:04 142547                    /usr/lib/x86_64-linux-gnu/libdrm_nouveau.so.2.0.0
716979b3b000-716979b40000 r-xp 00002000 103:04 142547                    /usr/lib/x86_64-linux-gnu/libdrm_nouveau.so.2.0.0
716979b40000-716979b41000 r--p 00007000 103:04 142547                    /usr/lib/x86_64-linux-gnu/libdrm_nouveau.so.2.0.0
716979b41000-716979b42000 r--p 00008000 103:04 142547                    /usr/lib/x86_64-linux-gnu/libdrm_nouveau.so.2.0.0
716979b42000-716979b43000 rw-p 00009000 103:04 142547                    /usr/lib/x86_64-linux-gnu/libdrm_nouveau.so.2.0.0
716979b43000-716979b46000 r--p 00000000 103:04 142545                    /usr/lib/x86_64-linux-gnu/libdrm_amdgpu.so.1.0.0
716979b46000-716979b4c000 r-xp 00003000 103:04 142545                    /usr/lib/x86_64-linux-gnu/libdrm_amdgpu.so.1.0.0
716979b4c000-716979b4e000 r--p 00009000 103:04 142545                    /usr/lib/x86_64-linux-gnu/libdrm_amdgpu.so.1.0.0
716979b4e000-716979b4f000 r--p 0000a000 103:04 142545                    /usr/lib/x86_64-linux-gnu/libdrm_amdgpu.so.1.0.0
716979b4f000-716979b50000 rw-p 0000b000 103:04 142545                    /usr/lib/x86_64-linux-gnu/libdrm_amdgpu.so.1.0.0
716979b50000-716979b53000 r--p 00000000 103:04 142570                    /usr/lib/x86_64-linux-gnu/libelf-0.190.so
716979b53000-716979b68000 r-xp 00003000 103:04 142570                    /usr/lib/x86_64-linux-gnu/libelf-0.190.so
716979b68000-716979b6c000 r--p 00018000 103:04 142570                    /usr/lib/x86_64-linux-gnu/libelf-0.190.so
716979b6c000-716979b6d000 r--p 0001b000 103:04 142570                    /usr/lib/x86_64-linux-gnu/libelf-0.190.so
716979b6d000-716979b6e000 rw-p 0001c000 103:04 142570                    /usr/lib/x86_64-linux-gnu/libelf-0.190.so
716979b6e000-716979b70000 r--p 00000000 103:04 142548                    /usr/lib/x86_64-linux-gnu/libdrm_radeon.so.1.0.1
716979b70000-716979b76000 r-xp 00002000 103:04 142548                    /usr/lib/x86_64-linux-gnu/libdrm_radeon.so.1.0.1
716979b76000-716979b7a000 r--p 00008000 103:04 142548                    /usr/lib/x86_64-linux-gnu/libdrm_radeon.so.1.0.1
716979b7a000-716979b7b000 r--p 0000b000 103:04 142548                    /usr/lib/x86_64-linux-gnu/libdrm_radeon.so.1.0.1
716979b7b000-716979b7c000 rw-p 0000c000 103:04 142548                    /usr/lib/x86_64-linux-gnu/libdrm_radeon.so.1.0.1
716979b7c000-716979b7e000 r--p 00000000 103:04 142975                    /usr/lib/x86_64-linux-gnu/libsensors.so.5.0.0
716979b7e000-716979b85000 r-xp 00002000 103:04 142975                    /usr/lib/x86_64-linux-gnu/libsensors.so.5.0.0
716979b85000-716979b89000 r--p 00009000 103:04 142975                    /usr/lib/x86_64-linux-gnu/libsensors.so.5.0.0
716979b89000-716979b8a000 r--p 0000d000 103:04 142975                    /usr/lib/x86_64-linux-gnu/libsensors.so.5.0.0
716979b8a000-716979b8b000 rw-p 0000e000 103:04 142975                    /usr/lib/x86_64-linux-gnu/libsensors.so.5.0.0
716979b8b000-716979b8e000 r--p 00000000 103:04 143121                    /usr/lib/x86_64-linux-gnu/libxcb-xfixes.so.0.0.0
716979b8e000-716979b91000 r-xp 00003000 103:04 143121                    /usr/lib/x86_64-linux-gnu/libxcb-xfixes.so.0.0.0
716979b91000-716979b93000 r--p 00006000 103:04 143121                    /usr/lib/x86_64-linux-gnu/libxcb-xfixes.so.0.0.0
716979b93000-716979b94000 r--p 00007000 103:04 143121                    /usr/lib/x86_64-linux-gnu/libxcb-xfixes.so.0.0.0
716979b94000-716979b95000 rw-p 00008000 103:04 143121                    /usr/lib/x86_64-linux-gnu/libxcb-xfixes.so.0.0.0
716979b95000-716979b98000 r--p 00000000 103:04 143119                    /usr/lib/x86_64-linux-gnu/libxcb-sync.so.1.0.0
716979b98000-716979b9b000 r-xp 00003000 103:04 143119                    /usr/lib/x86_64-linux-gnu/libxcb-sync.so.1.0.0
716979b9b000-716979b9c000 r--p 00006000 103:04 143119                    /usr/lib/x86_64-linux-gnu/libxcb-sync.so.1.0.0
716979b9c000-716979b9d000 r--p 00007000 103:04 143119                    /usr/lib/x86_64-linux-gnu/libxcb-sync.so.1.0.0
716979b9d000-716979b9e000 rw-p 00008000 103:04 143119                    /usr/lib/x86_64-linux-gnu/libxcb-sync.so.1.0.0
716979b9e000-716979ba0000 r--p 00000000 103:04 143107                    /usr/lib/x86_64-linux-gnu/libxcb-dri3.so.0.1.0
716979ba0000-716979ba2000 r-x